<?xml version="1.0" encoding="UTF-8"?>
<testng-results skipped="0" failed="0" total="3" passed="3">
  <reporter-output>
  </reporter-output>
  <suite name="Command line suite" duration-ms="4140" started-at="2015-08-21T06:37:22Z" finished-at="2015-08-21T06:37:26Z">
    <groups>
      <group name="UserDaoTest">
        <method signature="UserDaoTest.getUserByEmail()[pri:0, instance:csjobs.model.dao.UserDaoTest@1b6c909]" name="getUserByEmail" class="csjobs.model.dao.UserDaoTest"/>
        <method signature="UserDaoTest.checkApplication()[pri:0, instance:csjobs.model.dao.UserDaoTest@1b6c909]" name="checkApplication" class="csjobs.model.dao.UserDaoTest"/>
        <method signature="UserDaoTest.getUserById()[pri:0, instance:csjobs.model.dao.UserDaoTest@1b6c909]" name="getUserById" class="csjobs.model.dao.UserDaoTest"/>
      </group> <!-- UserDaoTest -->
    </groups>
    <test name="Command line test" duration-ms="4140" started-at="2015-08-21T06:37:22Z" finished-at="2015-08-21T06:37:26Z">
      <class name="csjobs.model.dao.UserDaoTest">
        <test-method status="PASS" signature="springTestContextBeforeTestClass()[pri:0, instance:csjobs.model.dao.UserDaoTest@1b6c909]" name="springTestContextBeforeTestClass" is-config="true" duration-ms="11" started-at="2015-08-20T23:37:22Z" finished-at="2015-08-20T23:37:22Z">
          <reporter-output>
          </reporter-output>
        </test-method> <!-- springTestContextBeforeTestClass -->
        <test-method status="PASS" signature="springTestContextPrepareTestInstance()[pri:0, instance:csjobs.model.dao.UserDaoTest@1b6c909]" name="springTestContextPrepareTestInstance" is-config="true" duration-ms="3302" started-at="2015-08-20T23:37:22Z" depends-on-methods="org.springframework.test.context.testng.AbstractTestNGSpringContextTests.springTestContextBeforeTestClass" finished-at="2015-08-20T23:37:25Z">
          <reporter-output>
          </reporter-output>
        </test-method> <!-- springTestContextPrepareTestInstance -->
        <test-method status="PASS" signature="springTestContextBeforeTestMethod(java.lang.reflect.Method)[pri:0, instance:csjobs.model.dao.UserDaoTest@1b6c909]" name="springTestContextBeforeTestMethod" is-config="true" duration-ms="194" started-at="2015-08-20T23:37:25Z" finished-at="2015-08-20T23:37:25Z">
          <params>
            <param index="0">
              <value>
                <![CDATA[public void csjobs.model.dao.UserDaoTest.getUserByEmail()]]>
              </value>
            </param>
          </params>
          <reporter-output>
          </reporter-output>
        </test-method> <!-- springTestContextBeforeTestMethod -->
        <test-method status="PASS" signature="getUserByEmail()[pri:0, instance:csjobs.model.dao.UserDaoTest@1b6c909]" name="getUserByEmail" duration-ms="267" started-at="2015-08-20T23:37:25Z" finished-at="2015-08-20T23:37:26Z">
          <reporter-output>
          </reporter-output>
        </test-method> <!-- getUserByEmail -->
        <test-method status="PASS" signature="springTestContextAfterTestMethod(java.lang.reflect.Method)[pri:0, instance:csjobs.model.dao.UserDaoTest@1b6c909]" name="springTestContextAfterTestMethod" is-config="true" duration-ms="60" started-at="2015-08-20T23:37:26Z" finished-at="2015-08-20T23:37:26Z">
          <params>
            <param index="0">
              <value>
                <![CDATA[public void csjobs.model.dao.UserDaoTest.getUserByEmail()]]>
              </value>
            </param>
          </params>
          <reporter-output>
          </reporter-output>
        </test-method> <!-- springTestContextAfterTestMethod -->
        <test-method status="PASS" signature="springTestContextBeforeTestMethod(java.lang.reflect.Method)[pri:0, instance:csjobs.model.dao.UserDaoTest@1b6c909]" name="springTestContextBeforeTestMethod" is-config="true" duration-ms="2" started-at="2015-08-20T23:37:26Z" finished-at="2015-08-20T23:37:26Z">
          <params>
            <param index="0">
              <value>
                <![CDATA[public void csjobs.model.dao.UserDaoTest.getUserById()]]>
              </value>
            </param>
          </params>
          <reporter-output>
          </reporter-output>
        </test-method> <!-- springTestContextBeforeTestMethod -->
        <test-method status="PASS" signature="getUserById()[pri:0, instance:csjobs.model.dao.UserDaoTest@1b6c909]" name="getUserById" duration-ms="3" started-at="2015-08-20T23:37:26Z" finished-at="2015-08-20T23:37:26Z">
          <reporter-output>
          </reporter-output>
        </test-method> <!-- getUserById -->
        <test-method status="PASS" signature="springTestContextAfterTestMethod(java.lang.reflect.Method)[pri:0, instance:csjobs.model.dao.UserDaoTest@1b6c909]" name="springTestContextAfterTestMethod" is-config="true" duration-ms="1" started-at="2015-08-20T23:37:26Z" finished-at="2015-08-20T23:37:26Z">
          <params>
            <param index="0">
              <value>
                <![CDATA[public void csjobs.model.dao.UserDaoTest.getUserById()]]>
              </value>
            </param>
          </params>
          <reporter-output>
          </reporter-output>
        </test-method> <!-- springTestContextAfterTestMethod -->
        <test-method status="PASS" signature="springTestContextBeforeTestMethod(java.lang.reflect.Method)[pri:0, instance:csjobs.model.dao.UserDaoTest@1b6c909]" name="springTestContextBeforeTestMethod" is-config="true" duration-ms="1" started-at="2015-08-20T23:37:26Z" finished-at="2015-08-20T23:37:26Z">
          <params>
            <param index="0">
              <value>
                <![CDATA[public void csjobs.model.dao.UserDaoTest.checkApplication()]]>
              </value>
            </param>
          </params>
          <reporter-output>
          </reporter-output>
        </test-method> <!-- springTestContextBeforeTestMethod -->
        <test-method status="PASS" signature="checkApplication()[pri:0, instance:csjobs.model.dao.UserDaoTest@1b6c909]" name="checkApplication" duration-ms="288" started-at="2015-08-20T23:37:26Z" depends-on-methods="csjobs.model.dao.UserDaoTest.getUserByEmail" finished-at="2015-08-20T23:37:26Z">
          <reporter-output>
          </reporter-output>
        </test-method> <!-- checkApplication -->
        <test-method status="PASS" signature="springTestContextAfterTestMethod(java.lang.reflect.Method)[pri:0, instance:csjobs.model.dao.UserDaoTest@1b6c909]" name="springTestContextAfterTestMethod" is-config="true" duration-ms="1" started-at="2015-08-20T23:37:26Z" finished-at="2015-08-20T23:37:26Z">
          <params>
            <param index="0">
              <value>
                <![CDATA[public void csjobs.model.dao.UserDaoTest.checkApplication()]]>
              </value>
            </param>
          </params>
          <reporter-output>
          </reporter-output>
        </test-method> <!-- springTestContextAfterTestMethod -->
        <test-method status="PASS" signature="springTestContextAfterTestClass()[pri:0, instance:csjobs.model.dao.UserDaoTest@1b6c909]" name="springTestContextAfterTestClass" is-config="true" duration-ms="0" started-at="2015-08-20T23:37:26Z" finished-at="2015-08-20T23:37:26Z">
          <reporter-output>
          </reporter-output>
        </test-method> <!-- springTestContextAfterTestClass -->
      </class> <!-- csjobs.model.dao.UserDaoTest -->
    </test> <!-- Command line test -->
  </suite> <!-- Command line suite -->
</testng-results>
