<?xml version="1.0" encoding="UTF-8"?>
<!-- Generated by org.testng.reporters.JUnitXMLReporter -->
<testsuite hostname="bhaumik" name="Command line test" tests="3" failures="0" timestamp="21 Aug 2015 06:37:26 GMT" time="4.14" errors="0">
  <testcase name="getUserByEmail" time="0.267" classname="csjobs.model.dao.UserDaoTest"/>
  <testcase name="getUserById" time="0.003" classname="csjobs.model.dao.UserDaoTest"/>
  <testcase name="checkApplication" time="0.288" classname="csjobs.model.dao.UserDaoTest"/>
</testsuite> <!-- Command line test -->
